0 verbose cli /usr/local/bin/node /usr/local/bin/npm
1 info using npm@8.19.4
2 info using node@v16.20.2
3 timing npm:load:whichnode Completed in 0ms
4 timing config:load:defaults Completed in 1ms
5 timing config:load:file:/usr/local/lib/node_modules/npm/npmrc Completed in 0ms
6 timing config:load:builtin Completed in 0ms
7 warn config production Use `--omit=dev` instead.
8 timing config:load:cli Completed in 1ms
9 timing config:load:env Completed in 0ms
10 timing config:load:file:/data/.npmrc Completed in 0ms
11 timing config:load:project Completed in 1ms
12 timing config:load:file:/usr/src/node-red/.npmrc Completed in 0ms
13 timing config:load:user Completed in 0ms
14 timing config:load:file:/usr/local/etc/npmrc Completed in 1ms
15 timing config:load:global Completed in 1ms
16 timing config:load:validate Completed in 0ms
17 timing config:load:credentials Completed in 0ms
18 timing config:load:setEnvs Completed in 1ms
19 timing config:load Completed in 7ms
20 timing npm:load:configload Completed in 7ms
21 timing npm:load:mkdirpcache Completed in 2ms
22 timing npm:load:mkdirplogs Completed in 1ms
23 verbose title npm install node-red-contrib-spreadsheet-in@0.7.1
24 verbose argv "install" "--no-audit" "--no-update-notifier" "--no-fund" "--save" "--save-prefix" "~" "--production" "--engine-strict" "node-red-contrib-spreadsheet-in@0.7.1"
25 timing npm:load:setTitle Completed in 1ms
26 timing config:load:flatten Completed in 2ms
27 timing npm:load:display Completed in 2ms
28 verbose logfile logs-max:10 dir:/data/.npm/_logs
29 verbose logfile /data/.npm/_logs/2024-01-24T15_40_27_674Z-debug-0.log
30 timing npm:load:logFile Completed in 13ms
31 timing npm:load:timers Completed in 0ms
32 timing npm:load:configScope Completed in 0ms
33 timing npm:load Completed in 27ms
34 timing arborist:ctor Completed in 0ms
35 silly logfile done cleaning log files
36 timing arborist:ctor Completed in 0ms
37 timing idealTree:init Completed in 9ms
38 timing idealTree:userRequests Completed in 1ms
39 silly idealTree buildDeps
40 silly fetch manifest node-red-contrib-spreadsheet-in@0.7.1
41 http fetch GET 200 https://registry.npmjs.org/node-red-contrib-spreadsheet-in 871ms (cache miss)
42 silly placeDep ROOT node-red-contrib-spreadsheet-in@0.7.1 OK for: node-red-project@0.0.1 want: 0.7.1
43 silly fetch manifest xlsx@https://cdn.sheetjs.com/xlsx-0.19.3/xlsx-0.19.3.tgz
44 http fetch GET 200 https://cdn.sheetjs.com/xlsx-0.19.3/xlsx-0.19.3.tgz 1001ms (cache miss)
45 timing idealTree:#root Completed in 1903ms
46 silly placeDep ROOT xlsx@0.19.3 OK for: node-red-contrib-spreadsheet-in@0.7.1 want: https://cdn.sheetjs.com/xlsx-0.19.3/xlsx-0.19.3.tgz
47 timing idealTree:node_modules/node-red-contrib-spreadsheet-in Completed in 2ms
48 timing idealTree:node_modules/xlsx Completed in 0ms
49 timing idealTree:buildDeps Completed in 1906ms
50 timing idealTree:fixDepFlags Completed in 0ms
51 timing idealTree Completed in 1920ms
52 timing reify:loadTrees Completed in 1920ms
53 timing reify:diffTrees Completed in 1ms
54 silly reify moves {}
55 timing reify:retireShallow Completed in 0ms
56 timing reify:createSparse Completed in 3ms
57 timing reify:trashOmits Completed in 0ms
58 timing reify:loadBundles Completed in 0ms
59 silly tarball no local data for node-red-contrib-spreadsheet-in@https://registry.npmjs.org/node-red-contrib-spreadsheet-in/-/node-red-contrib-spreadsheet-in-0.7.1.tgz. Extracting by manifest.
60 http fetch GET 200 https://registry.npmjs.org/node-red-contrib-spreadsheet-in/-/node-red-contrib-spreadsheet-in-0.7.1.tgz 123ms (cache miss)
61 timing reifyNode:node_modules/node-red-contrib-spreadsheet-in Completed in 128ms
62 timing reifyNode:node_modules/xlsx Completed in 342ms
63 timing reify:unpack Completed in 343ms
64 timing reify:unretire Completed in 0ms
65 timing build:queue Completed in 1ms
66 timing build:link:node_modules/xlsx Completed in 6ms
67 timing build:link Completed in 6ms
68 timing build:deps Completed in 7ms
69 timing build Completed in 8ms
70 timing reify:build Completed in 8ms
71 timing reify:trash Completed in 0ms
72 timing reify:save Completed in 3ms
73 timing reify Completed in 2286ms
74 silly ADD node_modules/xlsx
75 silly ADD node_modules/node-red-contrib-spreadsheet-in
76 timing command:install Completed in 2288ms
77 verbose exit 0
78 timing npm Completed in 2348ms
79 info ok
