0 verbose cli /usr/local/bin/node /usr/local/bin/npm
1 info using npm@8.19.4
2 info using node@v16.20.2
3 timing npm:load:whichnode Completed in 0ms
4 timing config:load:defaults Completed in 0ms
5 timing config:load:file:/usr/local/lib/node_modules/npm/npmrc Completed in 1ms
6 timing config:load:builtin Completed in 1ms
7 warn config production Use `--omit=dev` instead.
8 timing config:load:cli Completed in 1ms
9 timing config:load:env Completed in 0ms
10 timing config:load:file:/data/.npmrc Completed in 1ms
11 timing config:load:project Completed in 2ms
12 timing config:load:file:/usr/src/node-red/.npmrc Completed in 1ms
13 timing config:load:user Completed in 1ms
14 timing config:load:file:/usr/local/etc/npmrc Completed in 1ms
15 timing config:load:global Completed in 1ms
16 timing config:load:validate Completed in 0ms
17 timing config:load:credentials Completed in 0ms
18 timing config:load:setEnvs Completed in 1ms
19 timing config:load Completed in 8ms
20 timing npm:load:configload Completed in 9ms
21 timing npm:load:mkdirpcache Completed in 2ms
22 timing npm:load:mkdirplogs Completed in 1ms
23 verbose title npm install node-red-contrib-cheerio-function@1.0.0-rc.9
24 verbose argv "install" "--no-audit" "--no-update-notifier" "--no-fund" "--save" "--save-prefix" "~" "--production" "--engine-strict" "node-red-contrib-cheerio-function@1.0.0-rc.9"
25 timing npm:load:setTitle Completed in 0ms
26 timing config:load:flatten Completed in 1ms
27 timing npm:load:display Completed in 2ms
28 verbose logfile logs-max:10 dir:/data/.npm/_logs
29 verbose logfile /data/.npm/_logs/2024-01-24T15_51_27_043Z-debug-0.log
30 timing npm:load:logFile Completed in 15ms
31 timing npm:load:timers Completed in 0ms
32 timing npm:load:configScope Completed in 0ms
33 timing npm:load Completed in 30ms
34 timing arborist:ctor Completed in 1ms
35 silly logfile done cleaning log files
36 timing idealTree:init Completed in 10ms
37 timing idealTree:userRequests Completed in 2ms
38 silly idealTree buildDeps
39 silly fetch manifest node-red-contrib-cheerio-function@1.0.0-rc.9
40 timing arborist:ctor Completed in 0ms
41 http fetch GET 200 https://registry.npmjs.org/node-red-contrib-cheerio-function 844ms (cache miss)
42 silly placeDep ROOT node-red-contrib-cheerio-function@1.0.0-rc.9 OK for: node-red-project@0.0.1 want: 1.0.0-rc.9
43 silly fetch manifest cheerio@1.0.0-rc.9
44 http fetch GET 200 https://registry.npmjs.org/cheerio 844ms (cache miss)
45 timing idealTree:#root Completed in 1696ms
46 silly placeDep ROOT cheerio@1.0.0-rc.9 OK for: node-red-contrib-cheerio-function@1.0.0-rc.9 want: 1.0.0-rc.9
47 silly fetch manifest cheerio-select@^1.4.0
48 silly fetch manifest dom-serializer@^1.3.1
49 silly fetch manifest domhandler@^4.2.0
50 silly fetch manifest htmlparser2@^6.1.0
51 silly fetch manifest parse5@^6.0.1
52 silly fetch manifest parse5-htmlparser2-tree-adapter@^6.0.1
53 silly fetch manifest tslib@^2.2.0
54 http fetch GET 200 https://registry.npmjs.org/cheerio-select 67ms (cache miss)
55 http fetch GET 200 https://registry.npmjs.org/dom-serializer 119ms (cache miss)
56 http fetch GET 200 https://registry.npmjs.org/parse5 122ms (cache miss)
57 http fetch GET 200 https://registry.npmjs.org/domhandler 130ms (cache miss)
58 http fetch GET 200 https://registry.npmjs.org/tslib 134ms (cache miss)
59 http fetch GET 200 https://registry.npmjs.org/htmlparser2 137ms (cache miss)
60 http fetch GET 200 https://registry.npmjs.org/parse5-htmlparser2-tree-adapter 860ms (cache miss)
61 timing idealTree:node_modules/node-red-contrib-cheerio-function Completed in 869ms
62 silly placeDep ROOT cheerio-select@1.6.0 OK for: cheerio@1.0.0-rc.9 want: ^1.4.0
63 silly placeDep ROOT dom-serializer@1.4.1 OK for: cheerio@1.0.0-rc.9 want: ^1.3.1
64 silly placeDep ROOT domhandler@4.3.1 OK for: cheerio@1.0.0-rc.9 want: ^4.2.0
65 silly placeDep ROOT htmlparser2@6.1.0 OK for: cheerio@1.0.0-rc.9 want: ^6.1.0
66 silly placeDep ROOT parse5@6.0.1 OK for: cheerio@1.0.0-rc.9 want: ^6.0.1
67 silly placeDep ROOT parse5-htmlparser2-tree-adapter@6.0.1 OK for: cheerio@1.0.0-rc.9 want: ^6.0.1
68 silly placeDep ROOT tslib@2.6.2 OK for: cheerio@1.0.0-rc.9 want: ^2.2.0
69 silly fetch manifest css-select@^4.3.0
70 silly fetch manifest css-what@^6.0.1
71 silly fetch manifest domelementtype@^2.2.0
72 silly fetch manifest domutils@^2.8.0
73 silly fetch manifest domelementtype@^2.0.1
74 silly fetch manifest entities@^2.0.0
75 silly fetch manifest domutils@^2.5.2
76 http fetch GET 200 https://registry.npmjs.org/domelementtype 83ms (cache miss)
77 http fetch GET 200 https://registry.npmjs.org/domelementtype 86ms (cache miss)
78 http fetch GET 200 https://registry.npmjs.org/entities 87ms (cache miss)
79 http fetch GET 200 https://registry.npmjs.org/domutils 88ms (cache miss)
80 http fetch GET 200 https://registry.npmjs.org/domutils 91ms (cache miss)
81 http fetch GET 200 https://registry.npmjs.org/css-select 96ms (cache miss)
82 http fetch GET 200 https://registry.npmjs.org/css-what 806ms (cache miss)
83 timing idealTree:node_modules/cheerio Completed in 825ms
84 silly placeDep ROOT css-select@4.3.0 OK for: cheerio-select@1.6.0 want: ^4.3.0
85 silly placeDep ROOT css-what@6.1.0 OK for: cheerio-select@1.6.0 want: ^6.0.1
86 silly placeDep ROOT domelementtype@2.3.0 OK for: cheerio-select@1.6.0 want: ^2.2.0
87 silly placeDep ROOT domutils@2.8.0 OK for: cheerio-select@1.6.0 want: ^2.8.0
88 silly fetch manifest boolbase@^1.0.0
89 silly fetch manifest nth-check@^2.0.1
90 http fetch GET 200 https://registry.npmjs.org/boolbase 86ms (cache miss)
91 http fetch GET 200 https://registry.npmjs.org/nth-check 256ms (cache miss)
92 timing idealTree:node_modules/cheerio-select Completed in 265ms
93 silly placeDep ROOT boolbase@1.0.0 OK for: css-select@4.3.0 want: ^1.0.0
94 silly placeDep ROOT nth-check@2.1.1 OK for: css-select@4.3.0 want: ^2.0.1
95 timing idealTree:node_modules/css-select Completed in 3ms
96 timing idealTree:node_modules/boolbase Completed in 0ms
97 timing idealTree:node_modules/css-what Completed in 0ms
98 silly placeDep ROOT entities@2.2.0 OK for: dom-serializer@1.4.1 want: ^2.0.0
99 timing idealTree:node_modules/dom-serializer Completed in 1ms
100 timing idealTree:node_modules/domelementtype Completed in 0ms
101 timing idealTree:node_modules/domhandler Completed in 0ms
102 timing idealTree:node_modules/domutils Completed in 0ms
103 timing idealTree:node_modules/entities Completed in 0ms
104 timing idealTree:node_modules/htmlparser2 Completed in 0ms
105 timing idealTree:node_modules/nth-check Completed in 0ms
106 timing idealTree:node_modules/parse5 Completed in 0ms
107 timing idealTree:node_modules/parse5-htmlparser2-tree-adapter Completed in 0ms
108 timing idealTree:node_modules/tslib Completed in 0ms
109 timing idealTree:buildDeps Completed in 3668ms
110 timing idealTree:fixDepFlags Completed in 1ms
111 timing idealTree Completed in 3682ms
112 timing reify:loadTrees Completed in 3683ms
113 timing reify:diffTrees Completed in 2ms
114 silly reify moves {}
115 timing reify:retireShallow Completed in 1ms
116 timing reify:createSparse Completed in 22ms
117 timing reify:trashOmits Completed in 0ms
118 timing reify:loadBundles Completed in 0ms
119 silly tarball no local data for domutils@https://registry.npmjs.org/domutils/-/domutils-2.8.0.tgz. Extracting by manifest.
120 silly tarball no local data for boolbase@https://registry.npmjs.org/boolbase/-/boolbase-1.0.0.tgz. Extracting by manifest.
121 silly tarball no local data for css-what@https://registry.npmjs.org/css-what/-/css-what-6.1.0.tgz. Extracting by manifest.
122 silly tarball no local data for nth-check@https://registry.npmjs.org/nth-check/-/nth-check-2.1.1.tgz. Extracting by manifest.
123 silly tarball no local data for domelementtype@https://registry.npmjs.org/domelementtype/-/domelementtype-2.3.0.tgz. Extracting by manifest.
124 silly tarball no local data for domhandler@https://registry.npmjs.org/domhandler/-/domhandler-4.3.1.tgz. Extracting by manifest.
125 silly tarball no local data for tslib@https://registry.npmjs.org/tslib/-/tslib-2.6.2.tgz. Extracting by manifest.
126 silly tarball no local data for parse5-htmlparser2-tree-adapter@https://registry.npmjs.org/parse5-htmlparser2-tree-adapter/-/parse5-htmlparser2-tree-adapter-6.0.1.tgz. Extracting by manifest.
127 silly tarball no local data for parse5@https://registry.npmjs.org/parse5/-/parse5-6.0.1.tgz. Extracting by manifest.
128 silly tarball no local data for node-red-contrib-cheerio-function@https://registry.npmjs.org/node-red-contrib-cheerio-function/-/node-red-contrib-cheerio-function-1.0.0-rc.9.tgz. Extracting by manifest.
129 silly tarball no local data for cheerio@https://registry.npmjs.org/cheerio/-/cheerio-1.0.0-rc.9.tgz. Extracting by manifest.
130 silly tarball no local data for dom-serializer@https://registry.npmjs.org/dom-serializer/-/dom-serializer-1.4.1.tgz. Extracting by manifest.
131 silly tarball no local data for cheerio-select@https://registry.npmjs.org/cheerio-select/-/cheerio-select-1.6.0.tgz. Extracting by manifest.
132 silly tarball no local data for entities@https://registry.npmjs.org/entities/-/entities-2.2.0.tgz. Extracting by manifest.
133 silly tarball no local data for css-select@https://registry.npmjs.org/css-select/-/css-select-4.3.0.tgz. Extracting by manifest.
134 silly tarball no local data for htmlparser2@https://registry.npmjs.org/htmlparser2/-/htmlparser2-6.1.0.tgz. Extracting by manifest.
135 http fetch GET 200 https://registry.npmjs.org/domhandler/-/domhandler-4.3.1.tgz 111ms (cache miss)
136 timing reifyNode:node_modules/domhandler Completed in 132ms
137 http fetch GET 200 https://registry.npmjs.org/boolbase/-/boolbase-1.0.0.tgz 206ms (cache miss)
138 timing reifyNode:node_modules/boolbase Completed in 223ms
139 http fetch GET 200 https://registry.npmjs.org/domelementtype/-/domelementtype-2.3.0.tgz 221ms (cache miss)
140 timing reifyNode:node_modules/domelementtype Completed in 242ms
141 http fetch GET 200 https://registry.npmjs.org/cheerio-select/-/cheerio-select-1.6.0.tgz 222ms (cache miss)
142 timing reifyNode:node_modules/cheerio-select Completed in 250ms
143 http fetch GET 200 https://registry.npmjs.org/css-what/-/css-what-6.1.0.tgz 233ms (cache miss)
144 timing reifyNode:node_modules/css-what Completed in 251ms
145 http fetch GET 200 https://registry.npmjs.org/nth-check/-/nth-check-2.1.1.tgz 256ms (cache miss)
146 timing reifyNode:node_modules/nth-check Completed in 275ms
147 http fetch GET 200 https://registry.npmjs.org/domutils/-/domutils-2.8.0.tgz 272ms (cache miss)
148 http fetch GET 200 https://registry.npmjs.org/parse5-htmlparser2-tree-adapter/-/parse5-htmlparser2-tree-adapter-6.0.1.tgz 265ms (cache miss)
149 timing reifyNode:node_modules/parse5-htmlparser2-tree-adapter Completed in 289ms
150 timing reifyNode:node_modules/domutils Completed in 294ms
151 http fetch GET 200 https://registry.npmjs.org/dom-serializer/-/dom-serializer-1.4.1.tgz 282ms (cache miss)
152 timing reifyNode:node_modules/dom-serializer Completed in 308ms
153 http fetch GET 200 https://registry.npmjs.org/tslib/-/tslib-2.6.2.tgz 305ms (cache miss)
154 timing reifyNode:node_modules/tslib Completed in 326ms
155 http fetch GET 200 https://registry.npmjs.org/entities/-/entities-2.2.0.tgz 301ms (cache miss)
156 timing reifyNode:node_modules/entities Completed in 336ms
157 http fetch GET 200 https://registry.npmjs.org/htmlparser2/-/htmlparser2-6.1.0.tgz 295ms (cache miss)
158 timing reifyNode:node_modules/htmlparser2 Completed in 336ms
159 http fetch GET 200 https://registry.npmjs.org/css-select/-/css-select-4.3.0.tgz 333ms (cache miss)
160 timing reifyNode:node_modules/css-select Completed in 369ms
161 http fetch GET 200 https://registry.npmjs.org/parse5/-/parse5-6.0.1.tgz 367ms (cache miss)
162 timing reifyNode:node_modules/parse5 Completed in 392ms
163 http fetch GET 200 https://registry.npmjs.org/cheerio/-/cheerio-1.0.0-rc.9.tgz 381ms (cache miss)
164 timing reifyNode:node_modules/cheerio Completed in 406ms
165 http fetch GET 200 https://registry.npmjs.org/node-red-contrib-cheerio-function/-/node-red-contrib-cheerio-function-1.0.0-rc.9.tgz 1257ms (cache miss)
166 timing reifyNode:node_modules/node-red-contrib-cheerio-function Completed in 1283ms
167 timing reify:unpack Completed in 1284ms
168 timing reify:unretire Completed in 0ms
169 timing build:queue Completed in 1ms
170 timing build:deps Completed in 2ms
171 timing build Completed in 2ms
172 timing reify:build Completed in 3ms
173 timing reify:trash Completed in 0ms
174 timing reify:save Completed in 6ms
175 timing reify Completed in 5009ms
176 silly ADD node_modules/entities
177 silly ADD node_modules/nth-check
178 silly ADD node_modules/boolbase
179 silly ADD node_modules/domutils
180 silly ADD node_modules/domelementtype
181 silly ADD node_modules/css-what
182 silly ADD node_modules/css-select
183 silly ADD node_modules/tslib
184 silly ADD node_modules/parse5-htmlparser2-tree-adapter
185 silly ADD node_modules/parse5
186 silly ADD node_modules/htmlparser2
187 silly ADD node_modules/domhandler
188 silly ADD node_modules/dom-serializer
189 silly ADD node_modules/cheerio-select
190 silly ADD node_modules/cheerio
191 silly ADD node_modules/node-red-contrib-cheerio-function
192 timing command:install Completed in 5015ms
193 verbose exit 0
194 timing npm Completed in 5079ms
195 info ok
